0 info it worked if it ends with ok
1 verbose cli [ '/usr/local/bin/node', '/usr/local/bin/npm', 'start' ]
2 info using npm@4.1.2
3 info using node@v7.6.0
4 verbose run-script [ 'prestart', 'start', 'poststart' ]
5 info lifecycle user@0.0.0~prestart: user@0.0.0
6 silly lifecycle user@0.0.0~prestart: no script for prestart, continuing
7 info lifecycle user@0.0.0~start: user@0.0.0
8 verbose lifecycle user@0.0.0~start: unsafe-perm in lifecycle true
9 verbose lifecycle user@0.0.0~start: PATH: /usr/local/lib/node_modules/npm/bin/node-gyp-bin:/home/software/web/async-micro/user/node_modules/.bin:/home/software/bin:/home/software/.local/bin:/usr/local/sbin:/usr/local/bin:/usr/sbin:/usr/bin:/sbin:/bin:/usr/games:/usr/local/games:/snap/bin:/usr/lib/jvm/java-8-oracle/bin:/usr/lib/jvm/java-8-oracle/db/bin:/usr/lib/jvm/java-8-oracle/jre/bin
10 verbose lifecycle user@0.0.0~start: CWD: /home/software/web/async-micro/user
11 silly lifecycle user@0.0.0~start: Args: [ '-c', 'micro' ]
12 silly lifecycle user@0.0.0~start: Returned: code: 1  signal: null
13 info lifecycle user@0.0.0~start: Failed to exec start script
14 verbose stack Error: user@0.0.0 start: `micro`
14 verbose stack Exit status 1
14 verbose stack     at EventEmitter.<anonymous> (/usr/local/lib/node_modules/npm/lib/utils/lifecycle.js:279:16)
14 verbose stack     at emitTwo (events.js:106:13)
14 verbose stack     at EventEmitter.emit (events.js:192:7)
14 verbose stack     at ChildProcess.<anonymous> (/usr/local/lib/node_modules/npm/lib/utils/spawn.js:40:14)
14 verbose stack     at emitTwo (events.js:106:13)
14 verbose stack     at ChildProcess.emit (events.js:192:7)
14 verbose stack     at maybeClose (internal/child_process.js:890:16)
14 verbose stack     at Process.ChildProcess._handle.onexit (internal/child_process.js:226:5)
15 verbose pkgid user@0.0.0
16 verbose cwd /home/software/web/async-micro/user
17 error Linux 4.4.0-75-generic
18 error argv "/usr/local/bin/node" "/usr/local/bin/npm" "start"
19 error node v7.6.0
20 error npm  v4.1.2
21 error code ELIFECYCLE
22 error user@0.0.0 start: `micro`
22 error Exit status 1
23 error Failed at the user@0.0.0 start script 'micro'.
23 error Make sure you have the latest version of node.js and npm installed.
23 error If you do, this is most likely a problem with the user package,
23 error not with npm itself.
23 error Tell the author that this fails on your system:
23 error     micro
23 error You can get information on how to open an issue for this project with:
23 error     npm bugs user
23 error Or if that isn't available, you can get their info via:
23 error     npm owner ls user
23 error There is likely additional logging output above.
24 verbose exit [ 1, true ]
